<?xml version="1.0" encoding="UTF-8"?>
<testng-results skipped="0" failed="0" ignored="0" total="1" passed="1">
  <reporter-output>
  </reporter-output>
  <suite name="Default suite" duration-ms="46" started-at="2018-12-04T10:10:48Z" finished-at="2018-12-04T10:10:48Z">
    <groups>
    </groups>
    <test name="Default test" duration-ms="46" started-at="2018-12-04T10:10:48Z" finished-at="2018-12-04T10:10:48Z">
      <class name="com.vodafoneidea.mva.test.TestVer">
        <test-method status="PASS" signature="FirstTest()[pri:0, instance:com.vodafoneidea.mva.test.TestVer@3dd4520b]" name="FirstTest" duration-ms="29" started-at="2018-12-04T15:40:48Z" finished-at="2018-12-04T15:40:48Z">
          <reporter-output>
          </reporter-output>
        </test-method> <!-- FirstTest -->
      </class> <!-- com.vodafoneidea.mva.test.TestVer -->
    </test> <!-- Default test -->
  </suite> <!-- Default suite -->
</testng-results>
