<?xml version="1.0" encoding="UTF-8"?>
<!-- Generated by org.testng.reporters.JUnitXMLReporter -->
<testsuite hostname="shibu-pc" ignored="0" name="test_Samsung Galaxy J Max 5.1.1" tests="1" failures="1" timestamp="21 Nov 2018 07:17:51 GMT" time="162.373" errors="0">
  <testcase name="testAppLaunch" time="162.35" classname="com.vodafoneidea.mva.test.launchAppTest">
    <failure type="java.lang.AssertionError" message="Can&amp;apos;t locate an element by this strategy: By.chained({By.id: com.android.packageinstaller:id/permission_allow_button}) expected [true] but found [false]">
      <![CDATA[java.lang.AssertionError: Can't locate an element by this strategy: By.chained({By.id: com.android.packageinstaller:id/permission_allow_button}) expected [true] but found [false]
	at com.vodafoneidea.mva.pages.Actions.launchHomePage.launchHomePage(launchHomePage.java:54)
	at com.vodafoneidea.mva.test.launchAppTest.testAppLaunch(launchAppTest.java:26)
	at java.util.concurrent.FutureTask.run(FutureTask.java:266)
	at java.util.concurrent.ThreadPoolExecutor.runWorker(ThreadPoolExecutor.java:1149)
	at java.util.concurrent.ThreadPoolExecutor$Worker.run(ThreadPoolExecutor.java:624)
	at java.lang.Thread.run(Thread.java:748)
... Removed 19 stack frames]]>
    </failure>
  </testcase> <!-- testAppLaunch -->
</testsuite> <!-- test_Samsung Galaxy J Max 5.1.1 -->
