<?xml version="1.0" encoding="UTF-8"?>
<!-- Generated by org.testng.reporters.JUnitXMLReporter -->
<testsuite hostname="shibu-pc" ignored="0" name="test_Samsung Galaxy A9 Pro 7.0.0" tests="3" failures="1" timestamp="02 Dec 2018 06:46:53 GMT" time="322.908" errors="0">
  <testcase name="testAppLaunch" time="39.974" classname="com.vodafoneidea.mva.test.launchAppTest"/>
  <testcase name="LaunchPostPaidNumber" time="42.151" classname="com.vodafoneidea.mva.test.launchAppTest">
    <failure type="java.lang.AssertionError" message="expected [Data] but found [Mins]">
      <![CDATA[java.lang.AssertionError: expected [Data] but found [Mins]
	at com.vodafoneidea.mva.pages.Actions.MainPage.veifydataAndSmsSection(MainPage.java:217)
	at com.vodafoneidea.mva.test.launchAppTest.LaunchPostPaidNumber(launchAppTest.java:76)
	at java.util.concurrent.FutureTask.run(FutureTask.java:266)
	at java.util.concurrent.ThreadPoolExecutor.runWorker(ThreadPoolExecutor.java:1149)
	at java.util.concurrent.ThreadPoolExecutor$Worker.run(ThreadPoolExecutor.java:624)
	at java.lang.Thread.run(Thread.java:748)
... Removed 22 stack frames]]>
    </failure>
  </testcase> <!-- LaunchPostPaidNumber -->
  <testcase name="ProfileFuncationlity" time="55.466" classname="com.vodafoneidea.mva.test.launchAppTest"/>
</testsuite> <!-- test_Samsung Galaxy A9 Pro 7.0.0 -->
