<?xml version="1.0" encoding="UTF-8"?>
<!-- Generated by org.testng.reporters.JUnitXMLReporter -->
<testsuite hostname="shibu-pc" ignored="0" name="test_Lg G Flex II 5.1.1" tests="1" failures="1" timestamp="19 Nov 2018 06:40:52 GMT" time="0.172" errors="0">
  <testcase name="testAppLaunch" time="0.083" classname="com.vodafoneidea.mva.test.launchAppTest">
    <failure type="java.lang.NullPointerException">
      <![CDATA[java.lang.NullPointerException
	at com.vodafoneidea.mva.config.TestRunnerInfo.runnerInfoStatus(TestRunnerInfo.java:31)
	at com.vodafoneidea.mva.config.TestRunnerInfo.<init>(TestRunnerInfo.java:21)
	at com.vodafoneidea.mva.test.launchAppTest.getHomePage(launchAppTest.java:21)
	at com.vodafoneidea.mva.test.launchAppTest.testAppLaunch(launchAppTest.java:15)
	at java.util.concurrent.FutureTask.run(FutureTask.java:266)
	at java.util.concurrent.ThreadPoolExecutor.runWorker(ThreadPoolExecutor.java:1149)
	at java.util.concurrent.ThreadPoolExecutor$Worker.run(ThreadPoolExecutor.java:624)
	at java.lang.Thread.run(Thread.java:748)
... Removed 16 stack frames]]>
    </failure>
  </testcase> <!-- testAppLaunch -->
</testsuite> <!-- test_Lg G Flex II 5.1.1 -->
