<?xml version="1.0" encoding="UTF-8"?>
<!-- Generated by org.testng.reporters.JUnitXMLReporter -->
<testsuite hostname="shibu-pc" ignored="0" name="test_Iball Cobalt Youva 5.1.0" tests="1" failures="1" timestamp="21 Nov 2018 06:01:20 GMT" time="66.066" errors="0">
  <testcase name="testAppLaunch" time="66.018" classname="com.vodafoneidea.mva.test.launchAppTest">
    <failure type="java.lang.NullPointerException">
      <![CDATA[java.lang.NullPointerException
	at com.vodafoneidea.mva.config.TestRunnerInfo.runnerInfoStatus(TestRunnerInfo.java:31)
	at com.vodafoneidea.mva.config.TestRunnerInfo.<init>(TestRunnerInfo.java:21)
	at com.vodafoneidea.mva.test.launchAppTest.getHomePage(launchAppTest.java:31)
	at com.vodafoneidea.mva.test.launchAppTest.testAppLaunch(launchAppTest.java:25)
	at java.util.concurrent.FutureTask.run(FutureTask.java:266)
	at java.util.concurrent.ThreadPoolExecutor.runWorker(ThreadPoolExecutor.java:1149)
	at java.util.concurrent.ThreadPoolExecutor$Worker.run(ThreadPoolExecutor.java:624)
	at java.lang.Thread.run(Thread.java:748)
... Removed 16 stack frames]]>
    </failure>
  </testcase> <!-- testAppLaunch -->
</testsuite> <!-- test_Iball Cobalt Youva 5.1.0 -->
